Vivado Simulator v2022.2
Copyright 1986-1999, 2001-2022 Xilinx, Inc. All Rights Reserved.
Running: C:/Xilinx/Vivado/2022.2/bin/unwrapped/win64.o/xelab.exe --incr --debug typical --relax --mt 2 -L xil_defaultlib -L blk_mem_gen_v8_4_5 -L uvm -L unisims_ver -L unimacro_ver -L secureip -L xpm --snapshot fastNormalLut_tb_behav xil_defaultlib.fastNormalLut_tb xil_defaultlib.glbl -log elaborate.log 
Using 2 slave threads.
Starting static elaboration
Pass Through NonSizing Optimizer
WARNING: [VRFC 10-3091] actual bit length 16 differs from formal bit length 13 for port 'u0' [C:/Users/kcs-m/Documents/ieee/fastNormalLutProt/fastNormalLutProt.srcs/sources_1/new/normalRandGenTop.sv:68]
WARNING: [VRFC 10-3091] actual bit length 16 differs from formal bit length 13 for port 'u1' [C:/Users/kcs-m/Documents/ieee/fastNormalLutProt/fastNormalLutProt.srcs/sources_1/new/normalRandGenTop.sv:69]
WARNING: [VRFC 10-3091] actual bit length 16 differs from formal bit length 13 for port 'addra' [C:/Users/kcs-m/Documents/ieee/fastNormalLutProt/fastNormalLutProt.srcs/sources_1/new/normalRandGenTop.sv:95]
WARNING: [VRFC 10-3091] actual bit length 16 differs from formal bit length 13 for port 'addrb' [C:/Users/kcs-m/Documents/ieee/fastNormalLutProt/fastNormalLutProt.srcs/sources_1/new/normalRandGenTop.sv:98]
Completed static elaboration
Starting simulation data flow analysis
Completed simulation data flow analysis
Time Resolution for simulation is 1ps
Compiling module unisims_ver.IBUF
Compiling module unisims_ver.MMCME2_ADV(CLKFBOUT_MULT_F=9.0,C...
Compiling module unisims_ver.BUFG
Compiling module xil_defaultlib.clk_wiz_0_clk_wiz
Compiling module xil_defaultlib.clk_wiz_0
Compiling module xil_defaultlib.lfsr(TAP0=12,TAP1=11,TAP2=10,TAP...
Compiling module xil_defaultlib.lfsr(TAP0=12,TAP1=11,TAP2=9,TAP3...
Compiling module xil_defaultlib.dualPortLFSR
Compiling module blk_mem_gen_v8_4_5.blk_mem_gen_v8_4_5_output_stage(...
Compiling module blk_mem_gen_v8_4_5.blk_mem_gen_v8_4_5_softecc_outpu...
Compiling module blk_mem_gen_v8_4_5.blk_mem_gen_v8_4_5_mem_module(C_...
Compiling module blk_mem_gen_v8_4_5.blk_mem_axi_regs_fwd_v8_4(C_DATA...
Compiling module blk_mem_gen_v8_4_5.blk_mem_gen_v8_4_5(C_FAMILY="spa...
Compiling module xil_defaultlib.blk_mem_gen_0
Compiling module xil_defaultlib.stager(INPUT_WIDTH=32,CLOCK_MULT...
Compiling module xil_defaultlib.synchronizer(WIDTH=96)
Compiling module xil_defaultlib.normalRandGenTop
Compiling module xil_defaultlib.fastNormalLut_tb
Compiling module xil_defaultlib.glbl
Built simulation snapshot fastNormalLut_tb_behav
