Copyright 1986-2022 Xilinx, Inc. All Rights Reserved.
--------------------------------------------------------------------------------------------------------------------------------------------------------------------------------------
| Tool Version : Vivado v.2022.2 (win64) Build 3671981 Fri Oct 14 05:00:03 MDT 2022
| Date         : Wed Nov 12 02:33:35 2025
| Host         : kcsZenbook running 64-bit major release  (build 9200)
| Command      : report_methodology -file normalRandGenTop_methodology_drc_routed.rpt -pb normalRandGenTop_methodology_drc_routed.pb -rpx normalRandGenTop_methodology_drc_routed.rpx
| Design       : normalRandGenTop
| Device       : xc7s50csga324-1
| Speed File   : -1
| Design State : Fully Routed
--------------------------------------------------------------------------------------------------------------------------------------------------------------------------------------

Report Methodology

Table of Contents
-----------------
1. REPORT SUMMARY
2. REPORT DETAILS

1. REPORT SUMMARY
-----------------
            Netlist: netlist
          Floorplan: design_1
      Design limits: <entire design considered>
             Max violations: <unlimited>
             Violations found: 98
+-----------+----------+-------------------------------+------------+
| Rule      | Severity | Description                   | Violations |
+-----------+----------+-------------------------------+------------+
| TIMING-18 | Warning  | Missing input or output delay | 98         |
+-----------+----------+-------------------------------+------------+

2. REPORT DETAILS
-----------------
TIMING-18#1 Warning
Missing input or output delay  
An input delay is missing on rst relative to clock(s) clk
Related violations: <none>

TIMING-18#2 Warning
Missing input or output delay  
An output delay is missing on r0[0] relative to clock(s) clk
Related violations: <none>

TIMING-18#3 Warning
Missing input or output delay  
An output delay is missing on r0[10] relative to clock(s) clk
Related violations: <none>

TIMING-18#4 Warning
Missing input or output delay  
An output delay is missing on r0[11] relative to clock(s) clk
Related violations: <none>

TIMING-18#5 Warning
Missing input or output delay  
An output delay is missing on r0[12] relative to clock(s) clk
Related violations: <none>

TIMING-18#6 Warning
Missing input or output delay  
An output delay is missing on r0[13] relative to clock(s) clk
Related violations: <none>

TIMING-18#7 Warning
Missing input or output delay  
An output delay is missing on r0[14] relative to clock(s) clk
Related violations: <none>

TIMING-18#8 Warning
Missing input or output delay  
An output delay is missing on r0[15] relative to clock(s) clk
Related violations: <none>

TIMING-18#9 Warning
Missing input or output delay  
An output delay is missing on r0[1] relative to clock(s) clk
Related violations: <none>

TIMING-18#10 Warning
Missing input or output delay  
An output delay is missing on r0[2] relative to clock(s) clk
Related violations: <none>

TIMING-18#11 Warning
Missing input or output delay  
An output delay is missing on r0[3] relative to clock(s) clk
Related violations: <none>

TIMING-18#12 Warning
Missing input or output delay  
An output delay is missing on r0[4] relative to clock(s) clk
Related violations: <none>

TIMING-18#13 Warning
Missing input or output delay  
An output delay is missing on r0[5] relative to clock(s) clk
Related violations: <none>

TIMING-18#14 Warning
Missing input or output delay  
An output delay is missing on r0[6] relative to clock(s) clk
Related violations: <none>

TIMING-18#15 Warning
Missing input or output delay  
An output delay is missing on r0[7] relative to clock(s) clk
Related violations: <none>

TIMING-18#16 Warning
Missing input or output delay  
An output delay is missing on r0[8] relative to clock(s) clk
Related violations: <none>

TIMING-18#17 Warning
Missing input or output delay  
An output delay is missing on r0[9] relative to clock(s) clk
Related violations: <none>

TIMING-18#18 Warning
Missing input or output delay  
An output delay is missing on r1[0] relative to clock(s) clk
Related violations: <none>

TIMING-18#19 Warning
Missing input or output delay  
An output delay is missing on r1[10] relative to clock(s) clk
Related violations: <none>

TIMING-18#20 Warning
Missing input or output delay  
An output delay is missing on r1[11] relative to clock(s) clk
Related violations: <none>

TIMING-18#21 Warning
Missing input or output delay  
An output delay is missing on r1[12] relative to clock(s) clk
Related violations: <none>

TIMING-18#22 Warning
Missing input or output delay  
An output delay is missing on r1[13] relative to clock(s) clk
Related violations: <none>

TIMING-18#23 Warning
Missing input or output delay  
An output delay is missing on r1[14] relative to clock(s) clk
Related violations: <none>

TIMING-18#24 Warning
Missing input or output delay  
An output delay is missing on r1[15] relative to clock(s) clk
Related violations: <none>

TIMING-18#25 Warning
Missing input or output delay  
An output delay is missing on r1[1] relative to clock(s) clk
Related violations: <none>

TIMING-18#26 Warning
Missing input or output delay  
An output delay is missing on r1[2] relative to clock(s) clk
Related violations: <none>

TIMING-18#27 Warning
Missing input or output delay  
An output delay is missing on r1[3] relative to clock(s) clk
Related violations: <none>

TIMING-18#28 Warning
Missing input or output delay  
An output delay is missing on r1[4] relative to clock(s) clk
Related violations: <none>

TIMING-18#29 Warning
Missing input or output delay  
An output delay is missing on r1[5] relative to clock(s) clk
Related violations: <none>

TIMING-18#30 Warning
Missing input or output delay  
An output delay is missing on r1[6] relative to clock(s) clk
Related violations: <none>

TIMING-18#31 Warning
Missing input or output delay  
An output delay is missing on r1[7] relative to clock(s) clk
Related violations: <none>

TIMING-18#32 Warning
Missing input or output delay  
An output delay is missing on r1[8] relative to clock(s) clk
Related violations: <none>

TIMING-18#33 Warning
Missing input or output delay  
An output delay is missing on r1[9] relative to clock(s) clk
Related violations: <none>

TIMING-18#34 Warning
Missing input or output delay  
An output delay is missing on r2[0] relative to clock(s) clk
Related violations: <none>

TIMING-18#35 Warning
Missing input or output delay  
An output delay is missing on r2[10] relative to clock(s) clk
Related violations: <none>

TIMING-18#36 Warning
Missing input or output delay  
An output delay is missing on r2[11] relative to clock(s) clk
Related violations: <none>

TIMING-18#37 Warning
Missing input or output delay  
An output delay is missing on r2[12] relative to clock(s) clk
Related violations: <none>

TIMING-18#38 Warning
Missing input or output delay  
An output delay is missing on r2[13] relative to clock(s) clk
Related violations: <none>

TIMING-18#39 Warning
Missing input or output delay  
An output delay is missing on r2[14] relative to clock(s) clk
Related violations: <none>

TIMING-18#40 Warning
Missing input or output delay  
An output delay is missing on r2[15] relative to clock(s) clk
Related violations: <none>

TIMING-18#41 Warning
Missing input or output delay  
An output delay is missing on r2[1] relative to clock(s) clk
Related violations: <none>

TIMING-18#42 Warning
Missing input or output delay  
An output delay is missing on r2[2] relative to clock(s) clk
Related violations: <none>

TIMING-18#43 Warning
Missing input or output delay  
An output delay is missing on r2[3] relative to clock(s) clk
Related violations: <none>

TIMING-18#44 Warning
Missing input or output delay  
An output delay is missing on r2[4] relative to clock(s) clk
Related violations: <none>

TIMING-18#45 Warning
Missing input or output delay  
An output delay is missing on r2[5] relative to clock(s) clk
Related violations: <none>

TIMING-18#46 Warning
Missing input or output delay  
An output delay is missing on r2[6] relative to clock(s) clk
Related violations: <none>

TIMING-18#47 Warning
Missing input or output delay  
An output delay is missing on r2[7] relative to clock(s) clk
Related violations: <none>

TIMING-18#48 Warning
Missing input or output delay  
An output delay is missing on r2[8] relative to clock(s) clk
Related violations: <none>

TIMING-18#49 Warning
Missing input or output delay  
An output delay is missing on r2[9] relative to clock(s) clk
Related violations: <none>

TIMING-18#50 Warning
Missing input or output delay  
An output delay is missing on r3[0] relative to clock(s) clk
Related violations: <none>

TIMING-18#51 Warning
Missing input or output delay  
An output delay is missing on r3[10] relative to clock(s) clk
Related violations: <none>

TIMING-18#52 Warning
Missing input or output delay  
An output delay is missing on r3[11] relative to clock(s) clk
Related violations: <none>

TIMING-18#53 Warning
Missing input or output delay  
An output delay is missing on r3[12] relative to clock(s) clk
Related violations: <none>

TIMING-18#54 Warning
Missing input or output delay  
An output delay is missing on r3[13] relative to clock(s) clk
Related violations: <none>

TIMING-18#55 Warning
Missing input or output delay  
An output delay is missing on r3[14] relative to clock(s) clk
Related violations: <none>

TIMING-18#56 Warning
Missing input or output delay  
An output delay is missing on r3[15] relative to clock(s) clk
Related violations: <none>

TIMING-18#57 Warning
Missing input or output delay  
An output delay is missing on r3[1] relative to clock(s) clk
Related violations: <none>

TIMING-18#58 Warning
Missing input or output delay  
An output delay is missing on r3[2] relative to clock(s) clk
Related violations: <none>

TIMING-18#59 Warning
Missing input or output delay  
An output delay is missing on r3[3] relative to clock(s) clk
Related violations: <none>

TIMING-18#60 Warning
Missing input or output delay  
An output delay is missing on r3[4] relative to clock(s) clk
Related violations: <none>

TIMING-18#61 Warning
Missing input or output delay  
An output delay is missing on r3[5] relative to clock(s) clk
Related violations: <none>

TIMING-18#62 Warning
Missing input or output delay  
An output delay is missing on r3[6] relative to clock(s) clk
Related violations: <none>

TIMING-18#63 Warning
Missing input or output delay  
An output delay is missing on r3[7] relative to clock(s) clk
Related violations: <none>

TIMING-18#64 Warning
Missing input or output delay  
An output delay is missing on r3[8] relative to clock(s) clk
Related violations: <none>

TIMING-18#65 Warning
Missing input or output delay  
An output delay is missing on r3[9] relative to clock(s) clk
Related violations: <none>

TIMING-18#66 Warning
Missing input or output delay  
An output delay is missing on r4[0] relative to clock(s) clk
Related violations: <none>

TIMING-18#67 Warning
Missing input or output delay  
An output delay is missing on r4[10] relative to clock(s) clk
Related violations: <none>

TIMING-18#68 Warning
Missing input or output delay  
An output delay is missing on r4[11] relative to clock(s) clk
Related violations: <none>

TIMING-18#69 Warning
Missing input or output delay  
An output delay is missing on r4[12] relative to clock(s) clk
Related violations: <none>

TIMING-18#70 Warning
Missing input or output delay  
An output delay is missing on r4[13] relative to clock(s) clk
Related violations: <none>

TIMING-18#71 Warning
Missing input or output delay  
An output delay is missing on r4[14] relative to clock(s) clk
Related violations: <none>

TIMING-18#72 Warning
Missing input or output delay  
An output delay is missing on r4[15] relative to clock(s) clk
Related violations: <none>

TIMING-18#73 Warning
Missing input or output delay  
An output delay is missing on r4[1] relative to clock(s) clk
Related violations: <none>

TIMING-18#74 Warning
Missing input or output delay  
An output delay is missing on r4[2] relative to clock(s) clk
Related violations: <none>

TIMING-18#75 Warning
Missing input or output delay  
An output delay is missing on r4[3] relative to clock(s) clk
Related violations: <none>

TIMING-18#76 Warning
Missing input or output delay  
An output delay is missing on r4[4] relative to clock(s) clk
Related violations: <none>

TIMING-18#77 Warning
Missing input or output delay  
An output delay is missing on r4[5] relative to clock(s) clk
Related violations: <none>

TIMING-18#78 Warning
Missing input or output delay  
An output delay is missing on r4[6] relative to clock(s) clk
Related violations: <none>

TIMING-18#79 Warning
Missing input or output delay  
An output delay is missing on r4[7] relative to clock(s) clk
Related violations: <none>

TIMING-18#80 Warning
Missing input or output delay  
An output delay is missing on r4[8] relative to clock(s) clk
Related violations: <none>

TIMING-18#81 Warning
Missing input or output delay  
An output delay is missing on r4[9] relative to clock(s) clk
Related violations: <none>

TIMING-18#82 Warning
Missing input or output delay  
An output delay is missing on r5[0] relative to clock(s) clk
Related violations: <none>

TIMING-18#83 Warning
Missing input or output delay  
An output delay is missing on r5[10] relative to clock(s) clk
Related violations: <none>

TIMING-18#84 Warning
Missing input or output delay  
An output delay is missing on r5[11] relative to clock(s) clk
Related violations: <none>

TIMING-18#85 Warning
Missing input or output delay  
An output delay is missing on r5[12] relative to clock(s) clk
Related violations: <none>

TIMING-18#86 Warning
Missing input or output delay  
An output delay is missing on r5[13] relative to clock(s) clk
Related violations: <none>

TIMING-18#87 Warning
Missing input or output delay  
An output delay is missing on r5[14] relative to clock(s) clk
Related violations: <none>

TIMING-18#88 Warning
Missing input or output delay  
An output delay is missing on r5[15] relative to clock(s) clk
Related violations: <none>

TIMING-18#89 Warning
Missing input or output delay  
An output delay is missing on r5[1] relative to clock(s) clk
Related violations: <none>

TIMING-18#90 Warning
Missing input or output delay  
An output delay is missing on r5[2] relative to clock(s) clk
Related violations: <none>

TIMING-18#91 Warning
Missing input or output delay  
An output delay is missing on r5[3] relative to clock(s) clk
Related violations: <none>

TIMING-18#92 Warning
Missing input or output delay  
An output delay is missing on r5[4] relative to clock(s) clk
Related violations: <none>

TIMING-18#93 Warning
Missing input or output delay  
An output delay is missing on r5[5] relative to clock(s) clk
Related violations: <none>

TIMING-18#94 Warning
Missing input or output delay  
An output delay is missing on r5[6] relative to clock(s) clk
Related violations: <none>

TIMING-18#95 Warning
Missing input or output delay  
An output delay is missing on r5[7] relative to clock(s) clk
Related violations: <none>

TIMING-18#96 Warning
Missing input or output delay  
An output delay is missing on r5[8] relative to clock(s) clk
Related violations: <none>

TIMING-18#97 Warning
Missing input or output delay  
An output delay is missing on r5[9] relative to clock(s) clk
Related violations: <none>

TIMING-18#98 Warning
Missing input or output delay  
An output delay is missing on valid relative to clock(s) clk
Related violations: <none>


